<?xml version="1.0" encoding="UTF-8"?>
<testsuite name="com.jojodu.book.springboot.web.dto.HelloResponseDtoTest" tests="1" skipped="0" failures="0" errors="0" timestamp="2021-05-03T14:20:11" hostname="SeungHyuks-MacBookPro.local" time="0.08">
  <properties/>
  <testcase name="롬복_기능테스트" classname="com.jojodu.book.springboot.web.dto.HelloResponseDtoTest" time="0.08"/>
  <system-out><![CDATA[]]></system-out>
  <system-err><![CDATA[]]></system-err>
</testsuite>
